{"/Users/mac/Desktop/week6/testing/server/app.js": {"path":"/Users/mac/Desktop/week6/testing/server/app.js","statementMap":{"0":{"start":{"line":7,"column":18},"end":{"line":70,"column":1}},"1":{"start":{"line":8,"column":14},"end":{"line":8,"column":23}},"2":{"start":{"line":9,"column":2},"end":{"line":9,"column":26}},"3":{"start":{"line":10,"column":2},"end":{"line":10,"column":18}},"4":{"start":{"line":13,"column":13},"end":{"line":13,"column":71}},"5":{"start":{"line":16,"column":0},"end":{"line":22,"column":3}},"6":{"start":{"line":25,"column":0},"end":{"line":28,"column":3}},"7":{"start":{"line":26,"column":16},"end":{"line":26,"column":55}},"8":{"start":{"line":27,"column":2},"end":{"line":27,"column":18}},"9":{"start":{"line":30,"column":0},"end":{"line":64,"column":3}},"10":{"start":{"line":31,"column":26},"end":{"line":31,"column":34}},"11":{"start":{"line":34,"column":2},"end":{"line":36,"column":3}},"12":{"start":{"line":35,"column":4},"end":{"line":35,"column":59}},"13":{"start":{"line":37,"column":2},"end":{"line":39,"column":3}},"14":{"start":{"line":38,"column":4},"end":{"line":38,"column":60}},"15":{"start":{"line":42,"column":24},"end":{"line":42,"column":43}},"16":{"start":{"line":43,"column":25},"end":{"line":43,"column":45}},"17":{"start":{"line":46,"column":2},"end":{"line":48,"column":3}},"18":{"start":{"line":47,"column":4},"end":{"line":47,"column":59}},"19":{"start":{"line":49,"column":2},"end":{"line":51,"column":3}},"20":{"start":{"line":50,"column":4},"end":{"line":50,"column":60}},"21":{"start":{"line":53,"column":2},"end":{"line":63,"column":3}},"22":{"start":{"line":54,"column":17},"end":{"line":54,"column":76}},"23":{"start":{"line":55,"column":19},"end":{"line":55,"column":58}},"24":{"start":{"line":56,"column":4},"end":{"line":56,"column":101}},"25":{"start":{"line":58,"column":4},"end":{"line":62,"column":5}},"26":{"start":{"line":59,"column":6},"end":{"line":59,"column":62}},"27":{"start":{"line":61,"column":6},"end":{"line":61,"column":53}},"28":{"start":{"line":67,"column":2},"end":{"line":67,"column":24}},"29":{"start":{"line":69,"column":2},"end":{"line":69,"column":13}},"30":{"start":{"line":72,"column":12},"end":{"line":72,"column":23}}},"fnMap":{"0":{"name":"(anonymous_0)","decl":{"start":{"line":7,"column":18},"end":{"line":7,"column":19}},"loc":{"start":{"line":7,"column":30},"end":{"line":70,"column":1}},"line":7},"1":{"name":"(anonymous_1)","decl":{"start":{"line":25,"column":22},"end":{"line":25,"column":23}},"loc":{"start":{"line":25,"column":36},"end":{"line":28,"column":1}},"line":25},"2":{"name":"(anonymous_2)","decl":{"start":{"line":30,"column":23},"end":{"line":30,"column":24}},"loc":{"start":{"line":30,"column":37},"end":{"line":64,"column":1}},"line":30}},"branchMap":{"0":{"loc":{"start":{"line":13,"column":26},"end":{"line":13,"column":70}},"type":"binary-expr","locations":[{"start":{"line":13,"column":26},"end":{"line":13,"column":32}},{"start":{"line":13,"column":36},"end":{"line":13,"column":55}},{"start":{"line":13,"column":59},"end":{"line":13,"column":70}}],"line":13},"1":{"loc":{"start":{"line":34,"column":2},"end":{"line":36,"column":3}},"type":"if","locations":[{"start":{"line":34,"column":2},"end":{"line":36,"column":3}},{"start":{},"end":{}}],"line":34},"2":{"loc":{"start":{"line":37,"column":2},"end":{"line":39,"column":3}},"type":"if","locations":[{"start":{"line":37,"column":2},"end":{"line":39,"column":3}},{"start":{},"end":{}}],"line":37},"3":{"loc":{"start":{"line":46,"column":2},"end":{"line":48,"column":3}},"type":"if","locations":[{"start":{"line":46,"column":2},"end":{"line":48,"column":3}},{"start":{},"end":{}}],"line":46},"4":{"loc":{"start":{"line":49,"column":2},"end":{"line":51,"column":3}},"type":"if","locations":[{"start":{"line":49,"column":2},"end":{"line":51,"column":3}},{"start":{},"end":{}}],"line":49},"5":{"loc":{"start":{"line":58,"column":4},"end":{"line":62,"column":5}},"type":"if","locations":[{"start":{"line":58,"column":4},"end":{"line":62,"column":5}},{"start":{"line":60,"column":11},"end":{"line":62,"column":5}}],"line":58}},"s":{"0":2,"1":12,"2":12,"3":12,"4":12,"5":12,"6":12,"7":2,"8":2,"9":12,"10":9,"11":9,"12":2,"13":7,"14":1,"15":6,"16":6,"17":6,"18":0,"19":6,"20":1,"21":5,"22":5,"23":5,"24":4,"25":1,"26":1,"27":0,"28":12,"29":12,"30":2},"f":{"0":12,"1":2,"2":9},"b":{"0":[12,2,2],"1":[2,7],"2":[1,6],"3":[0,6],"4":[1,5],"5":[1,0]},"_coverageSchema":"1a1c01bbd47fc00a2c39e90264f33305004495a9","hash":"ba0deb6ed7edf4c8075e633d0a319838e7a686d5"}
,"/Users/mac/Desktop/week6/testing/server/middleware/errorHandler.js": {"path":"/Users/mac/Desktop/week6/testing/server/middleware/errorHandler.js","statementMap":{"0":{"start":{"line":3,"column":2},"end":{"line":3,"column":71}},"1":{"start":{"line":4,"column":2},"end":{"line":4,"column":39}},"2":{"start":{"line":5,"column":2},"end":{"line":5,"column":69}},"3":{"start":{"line":8,"column":19},"end":{"line":8,"column":22}},"4":{"start":{"line":9,"column":16},"end":{"line":9,"column":39}},"5":{"start":{"line":11,"column":2},"end":{"line":19,"column":3}},"6":{"start":{"line":12,"column":4},"end":{"line":12,"column":32}},"7":{"start":{"line":13,"column":9},"end":{"line":19,"column":3}},"8":{"start":{"line":14,"column":4},"end":{"line":14,"column":21}},"9":{"start":{"line":15,"column":4},"end":{"line":15,"column":33}},"10":{"start":{"line":16,"column":9},"end":{"line":19,"column":3}},"11":{"start":{"line":17,"column":4},"end":{"line":17,"column":21}},"12":{"start":{"line":18,"column":4},"end":{"line":18,"column":29}},"13":{"start":{"line":22,"column":24},"end":{"line":22,"column":61}},"14":{"start":{"line":23,"column":24},"end":{"line":26,"column":3}},"15":{"start":{"line":28,"column":2},"end":{"line":28,"column":45}}},"fnMap":{"0":{"name":"errorHandler","decl":{"start":{"line":1,"column":16},"end":{"line":1,"column":28}},"loc":{"start":{"line":1,"column":50},"end":{"line":29,"column":1}},"line":1}},"branchMap":{"0":{"loc":{"start":{"line":11,"column":2},"end":{"line":19,"column":3}},"type":"if","locations":[{"start":{"line":11,"column":2},"end":{"line":19,"column":3}},{"start":{"line":13,"column":9},"end":{"line":19,"column":3}}],"line":11},"1":{"loc":{"start":{"line":13,"column":9},"end":{"line":19,"column":3}},"type":"if","locations":[{"start":{"line":13,"column":9},"end":{"line":19,"column":3}},{"start":{"line":16,"column":9},"end":{"line":19,"column":3}}],"line":13},"2":{"loc":{"start":{"line":16,"column":9},"end":{"line":19,"column":3}},"type":"if","locations":[{"start":{"line":16,"column":9},"end":{"line":19,"column":3}},{"start":{},"end":{}}],"line":16},"3":{"loc":{"start":{"line":25,"column":8},"end":{"line":25,"column":45}},"type":"binary-expr","locations":[{"start":{"line":25,"column":8},"end":{"line":25,"column":21}},{"start":{"line":25,"column":25},"end":{"line":25,"column":45}}],"line":25}},"s":{"0":1,"1":1,"2":1,"3":1,"4":1,"5":1,"6":0,"7":1,"8":0,"9":0,"10":1,"11":0,"12":0,"13":1,"14":1,"15":1},"f":{"0":1},"b":{"0":[0,1],"1":[0,1],"2":[0,1],"3":[1,1]},"_coverageSchema":"1a1c01bbd47fc00a2c39e90264f33305004495a9","hash":"fa5c7c21485da39a18295c72683ed4cdbe189bcc"}
,"/Users/mac/Desktop/week6/testing/server/middleware/logger.js": {"path":"/Users/mac/Desktop/week6/testing/server/middleware/logger.js","statementMap":{"0":{"start":{"line":2,"column":16},"end":{"line":2,"column":26}},"1":{"start":{"line":5,"column":2},"end":{"line":5,"column":127}},"2":{"start":{"line":8,"column":2},"end":{"line":11,"column":5}},"3":{"start":{"line":9,"column":21},"end":{"line":9,"column":39}},"4":{"start":{"line":10,"column":4},"end":{"line":10,"column":110}},"5":{"start":{"line":13,"column":2},"end":{"line":13,"column":9}}},"fnMap":{"0":{"name":"logger","decl":{"start":{"line":1,"column":16},"end":{"line":1,"column":22}},"loc":{"start":{"line":1,"column":39},"end":{"line":14,"column":1}},"line":1},"1":{"name":"(anonymous_1)","decl":{"start":{"line":8,"column":19},"end":{"line":8,"column":20}},"loc":{"start":{"line":8,"column":25},"end":{"line":11,"column":3}},"line":8}},"branchMap":{},"s":{"0":12,"1":12,"2":12,"3":11,"4":11,"5":12},"f":{"0":12,"1":11},"b":{},"_coverageSchema":"1a1c01bbd47fc00a2c39e90264f33305004495a9","hash":"16c8f59f17f5b0fd01f1d0a14b1972376f9e4bdb"}
,"/Users/mac/Desktop/week6/testing/server/utils/dbUtils.js": {"path":"/Users/mac/Desktop/week6/testing/server/utils/dbUtils.js","statementMap":{"0":{"start":{"line":2,"column":15},"end":{"line":2,"column":61}},"1":{"start":{"line":3,"column":2},"end":{"line":3,"column":22}},"2":{"start":{"line":7,"column":15},"end":{"line":7,"column":48}},"3":{"start":{"line":8,"column":2},"end":{"line":8,"column":20}},"4":{"start":{"line":12,"column":15},"end":{"line":12,"column":74}},"5":{"start":{"line":13,"column":2},"end":{"line":13,"column":31}}},"fnMap":{"0":{"name":"getUserById","decl":{"start":{"line":1,"column":16},"end":{"line":1,"column":27}},"loc":{"start":{"line":1,"column":36},"end":{"line":4,"column":1}},"line":1},"1":{"name":"getAllUsers","decl":{"start":{"line":6,"column":16},"end":{"line":6,"column":27}},"loc":{"start":{"line":6,"column":32},"end":{"line":9,"column":1}},"line":6},"2":{"name":"createUser","decl":{"start":{"line":11,"column":16},"end":{"line":11,"column":26}},"loc":{"start":{"line":11,"column":44},"end":{"line":14,"column":1}},"line":11}},"branchMap":{},"s":{"0":4,"1":4,"2":3,"3":3,"4":4,"5":4},"f":{"0":4,"1":3,"2":4},"b":{},"_coverageSchema":"1a1c01bbd47fc00a2c39e90264f33305004495a9","hash":"c5ba9819f447ae7663c38f3840877e98efabb899"}
,"/Users/mac/Desktop/week6/testing/server/utils/validation.js": {"path":"/Users/mac/Desktop/week6/testing/server/utils/validation.js","statementMap":{"0":{"start":{"line":2,"column":21},"end":{"line":2,"column":49}},"1":{"start":{"line":3,"column":2},"end":{"line":3,"column":32}},"2":{"start":{"line":7,"column":2},"end":{"line":7,"column":60}},"3":{"start":{"line":11,"column":2},"end":{"line":11,"column":43}}},"fnMap":{"0":{"name":"isValidEmail","decl":{"start":{"line":1,"column":16},"end":{"line":1,"column":28}},"loc":{"start":{"line":1,"column":36},"end":{"line":4,"column":1}},"line":1},"1":{"name":"isValidName","decl":{"start":{"line":6,"column":16},"end":{"line":6,"column":27}},"loc":{"start":{"line":6,"column":34},"end":{"line":8,"column":1}},"line":6},"2":{"name":"sanitizeInput","decl":{"start":{"line":10,"column":16},"end":{"line":10,"column":29}},"loc":{"start":{"line":10,"column":37},"end":{"line":12,"column":1}},"line":10}},"branchMap":{"0":{"loc":{"start":{"line":7,"column":9},"end":{"line":7,"column":59}},"type":"binary-expr","locations":[{"start":{"line":7,"column":9},"end":{"line":7,"column":33}},{"start":{"line":7,"column":37},"end":{"line":7,"column":59}}],"line":7}},"s":{"0":9,"1":9,"2":9,"3":14},"f":{"0":9,"1":9,"2":14},"b":{"0":[9,9]},"_coverageSchema":"1a1c01bbd47fc00a2c39e90264f33305004495a9","hash":"f51b4bdbea71f30612cb9c4877665135ef1d1706"}
,"/Users/mac/Desktop/week6/testing/src/App.jsx": {"path":"/Users/mac/Desktop/week6/testing/src/App.jsx","statementMap":{"0":{"start":{"line":9,"column":38},"end":{"line":9,"column":49}},"1":{"start":{"line":11,"column":28},"end":{"line":13,"column":3}},"2":{"start":{"line":12,"column":4},"end":{"line":12,"column":35}},"3":{"start":{"line":12,"column":26},"end":{"line":12,"column":34}},"4":{"start":{"line":15,"column":2},"end":{"line":29,"column":3}}},"fnMap":{"0":{"name":"App","decl":{"start":{"line":8,"column":9},"end":{"line":8,"column":12}},"loc":{"start":{"line":8,"column":15},"end":{"line":30,"column":1}},"line":8},"1":{"name":"(anonymous_1)","decl":{"start":{"line":11,"column":28},"end":{"line":11,"column":29}},"loc":{"start":{"line":11,"column":34},"end":{"line":13,"column":3}},"line":11},"2":{"name":"(anonymous_2)","decl":{"start":{"line":12,"column":18},"end":{"line":12,"column":19}},"loc":{"start":{"line":12,"column":26},"end":{"line":12,"column":34}},"line":12}},"branchMap":{},"s":{"0":7,"1":6,"2":0,"3":0,"4":6},"f":{"0":7,"1":0,"2":0},"b":{},"_coverageSchema":"1a1c01bbd47fc00a2c39e90264f33305004495a9","hash":"6a8b56dddd55b8b6628159a93f3a57bd80571d4c"}
,"/Users/mac/Desktop/week6/testing/src/components/ErrorBoundary.jsx": {"path":"/Users/mac/Desktop/week6/testing/src/components/ErrorBoundary.jsx","statementMap":{"0":{"start":{"line":5,"column":4},"end":{"line":5,"column":17}},"1":{"start":{"line":6,"column":4},"end":{"line":6,"column":67}},"2":{"start":{"line":11,"column":4},"end":{"line":11,"column":30}},"3":{"start":{"line":16,"column":4},"end":{"line":16,"column":70}},"4":{"start":{"line":17,"column":4},"end":{"line":20,"column":7}},"5":{"start":{"line":24,"column":4},"end":{"line":61,"column":5}},"6":{"start":{"line":26,"column":6},"end":{"line":60,"column":8}},"7":{"start":{"line":46,"column":27},"end":{"line":46,"column":91}},"8":{"start":{"line":63,"column":4},"end":{"line":63,"column":31}}},"fnMap":{"0":{"name":"(anonymous_0)","decl":{"start":{"line":4,"column":2},"end":{"line":4,"column":3}},"loc":{"start":{"line":4,"column":21},"end":{"line":7,"column":3}},"line":4},"1":{"name":"(anonymous_1)","decl":{"start":{"line":9,"column":2},"end":{"line":9,"column":3}},"loc":{"start":{"line":9,"column":41},"end":{"line":12,"column":3}},"line":9},"2":{"name":"(anonymous_2)","decl":{"start":{"line":14,"column":2},"end":{"line":14,"column":3}},"loc":{"start":{"line":14,"column":38},"end":{"line":21,"column":3}},"line":14},"3":{"name":"(anonymous_3)","decl":{"start":{"line":23,"column":2},"end":{"line":23,"column":3}},"loc":{"start":{"line":23,"column":11},"end":{"line":64,"column":3}},"line":23},"4":{"name":"(anonymous_4)","decl":{"start":{"line":46,"column":21},"end":{"line":46,"column":22}},"loc":{"start":{"line":46,"column":27},"end":{"line":46,"column":91}},"line":46}},"branchMap":{"0":{"loc":{"start":{"line":24,"column":4},"end":{"line":61,"column":5}},"type":"if","locations":[{"start":{"line":24,"column":4},"end":{"line":61,"column":5}},{"start":{},"end":{}}],"line":24},"1":{"loc":{"start":{"line":37,"column":11},"end":{"line":44,"column":11}},"type":"binary-expr","locations":[{"start":{"line":37,"column":11},"end":{"line":37,"column":49}},{"start":{"line":38,"column":12},"end":{"line":43,"column":22}}],"line":37},"2":{"loc":{"start":{"line":40,"column":15},"end":{"line":40,"column":62}},"type":"binary-expr","locations":[{"start":{"line":40,"column":15},"end":{"line":40,"column":31}},{"start":{"line":40,"column":35},"end":{"line":40,"column":62}}],"line":40}},"s":{"0":32,"1":28,"2":18,"3":9,"4":9,"5":58,"6":28,"7":1,"8":30},"f":{"0":32,"1":18,"2":9,"3":58,"4":1},"b":{"0":[28,30],"1":[28,3],"2":[3,1]},"_coverageSchema":"1a1c01bbd47fc00a2c39e90264f33305004495a9","hash":"5be2382911beb0ecb4339b593643b422c1c938d9"}
,"/Users/mac/Desktop/week6/testing/src/components/UserForm.jsx": {"path":"/Users/mac/Desktop/week6/testing/src/components/UserForm.jsx","statementMap":{"0":{"start":{"line":4,"column":34},"end":{"line":4,"column":67}},"1":{"start":{"line":5,"column":32},"end":{"line":5,"column":47}},"2":{"start":{"line":6,"column":28},"end":{"line":6,"column":42}},"3":{"start":{"line":7,"column":32},"end":{"line":7,"column":47}},"4":{"start":{"line":9,"column":23},"end":{"line":12,"column":3}},"5":{"start":{"line":10,"column":28},"end":{"line":10,"column":36}},"6":{"start":{"line":11,"column":4},"end":{"line":11,"column":54}},"7":{"start":{"line":11,"column":25},"end":{"line":11,"column":51}},"8":{"start":{"line":14,"column":23},"end":{"line":68,"column":3}},"9":{"start":{"line":15,"column":4},"end":{"line":15,"column":23}},"10":{"start":{"line":16,"column":4},"end":{"line":16,"column":74}},"11":{"start":{"line":17,"column":4},"end":{"line":17,"column":58}},"12":{"start":{"line":18,"column":4},"end":{"line":18,"column":21}},"13":{"start":{"line":19,"column":4},"end":{"line":19,"column":19}},"14":{"start":{"line":20,"column":4},"end":{"line":20,"column":22}},"15":{"start":{"line":22,"column":4},"end":{"line":67,"column":5}},"16":{"start":{"line":23,"column":6},"end":{"line":23,"column":72}},"17":{"start":{"line":24,"column":23},"end":{"line":30,"column":8}},"18":{"start":{"line":32,"column":6},"end":{"line":32,"column":77}},"19":{"start":{"line":34,"column":6},"end":{"line":44,"column":7}},"20":{"start":{"line":35,"column":27},"end":{"line":35,"column":50}},"21":{"start":{"line":36,"column":8},"end":{"line":42,"column":9}},"22":{"start":{"line":37,"column":28},"end":{"line":37,"column":49}},"23":{"start":{"line":38,"column":10},"end":{"line":38,"column":76}},"24":{"start":{"line":39,"column":10},"end":{"line":39,"column":57}},"25":{"start":{"line":41,"column":10},"end":{"line":41,"column":86}},"26":{"start":{"line":43,"column":8},"end":{"line":43,"column":38}},"27":{"start":{"line":47,"column":6},"end":{"line":52,"column":7}},"28":{"start":{"line":48,"column":8},"end":{"line":48,"column":40}},"29":{"start":{"line":50,"column":8},"end":{"line":50,"column":86}},"30":{"start":{"line":51,"column":8},"end":{"line":51,"column":56}},"31":{"start":{"line":53,"column":6},"end":{"line":53,"column":63}},"32":{"start":{"line":54,"column":6},"end":{"line":54,"column":75}},"33":{"start":{"line":55,"column":6},"end":{"line":55,"column":23}},"34":{"start":{"line":56,"column":6},"end":{"line":56,"column":43}},"35":{"start":{"line":58,"column":6},"end":{"line":60,"column":7}},"36":{"start":{"line":59,"column":8},"end":{"line":59,"column":31}},"37":{"start":{"line":62,"column":6},"end":{"line":62,"column":63}},"38":{"start":{"line":63,"column":6},"end":{"line":63,"column":71}},"39":{"start":{"line":64,"column":6},"end":{"line":64,"column":28}},"40":{"start":{"line":66,"column":6},"end":{"line":66,"column":24}},"41":{"start":{"line":70,"column":2},"end":{"line":214,"column":4}}},"fnMap":{"0":{"name":"UserForm","decl":{"start":{"line":3,"column":9},"end":{"line":3,"column":17}},"loc":{"start":{"line":3,"column":37},"end":{"line":215,"column":1}},"line":3},"1":{"name":"(anonymous_1)","decl":{"start":{"line":9,"column":23},"end":{"line":9,"column":24}},"loc":{"start":{"line":9,"column":30},"end":{"line":12,"column":3}},"line":9},"2":{"name":"(anonymous_2)","decl":{"start":{"line":11,"column":16},"end":{"line":11,"column":17}},"loc":{"start":{"line":11,"column":25},"end":{"line":11,"column":51}},"line":11},"3":{"name":"(anonymous_3)","decl":{"start":{"line":14,"column":23},"end":{"line":14,"column":24}},"loc":{"start":{"line":14,"column":36},"end":{"line":68,"column":3}},"line":14}},"branchMap":{"0":{"loc":{"start":{"line":34,"column":6},"end":{"line":44,"column":7}},"type":"if","locations":[{"start":{"line":34,"column":6},"end":{"line":44,"column":7}},{"start":{},"end":{}}],"line":34},"1":{"loc":{"start":{"line":39,"column":25},"end":{"line":39,"column":56}},"type":"binary-expr","locations":[{"start":{"line":39,"column":25},"end":{"line":39,"column":40}},{"start":{"line":39,"column":44},"end":{"line":39,"column":56}}],"line":39},"2":{"loc":{"start":{"line":58,"column":6},"end":{"line":60,"column":7}},"type":"if","locations":[{"start":{"line":58,"column":6},"end":{"line":60,"column":7}},{"start":{},"end":{}}],"line":58},"3":{"loc":{"start":{"line":155,"column":17},"end":{"line":170,"column":17}},"type":"cond-expr","locations":[{"start":{"line":156,"column":18},"end":{"line":162,"column":21}},{"start":{"line":164,"column":18},"end":{"line":169,"column":21}}],"line":155},"4":{"loc":{"start":{"line":175,"column":11},"end":{"line":186,"column":11}},"type":"binary-expr","locations":[{"start":{"line":175,"column":11},"end":{"line":175,"column":16}},{"start":{"line":176,"column":12},"end":{"line":185,"column":18}}],"line":175},"5":{"loc":{"start":{"line":188,"column":11},"end":{"line":199,"column":11}},"type":"binary-expr","locations":[{"start":{"line":188,"column":11},"end":{"line":188,"column":18}},{"start":{"line":189,"column":12},"end":{"line":198,"column":18}}],"line":188}},"s":{"0":77,"1":77,"2":77,"3":77,"4":77,"5":56,"6":56,"7":56,"8":77,"9":1,"10":1,"11":1,"12":1,"13":1,"14":1,"15":1,"16":1,"17":1,"18":1,"19":1,"20":0,"21":0,"22":0,"23":0,"24":0,"25":0,"26":0,"27":1,"28":1,"29":0,"30":0,"31":1,"32":1,"33":1,"34":1,"35":1,"36":1,"37":0,"38":0,"39":0,"40":1,"41":77},"f":{"0":77,"1":56,"2":56,"3":1},"b":{"0":[0,1],"1":[0,0],"2":[1,0],"3":[1,76],"4":[77,0],"5":[77,1]},"_coverageSchema":"1a1c01bbd47fc00a2c39e90264f33305004495a9","hash":"dcd49827f782970648a1787acd0b5c6892f85193"}
,"/Users/mac/Desktop/week6/testing/src/components/UserList.jsx": {"path":"/Users/mac/Desktop/week6/testing/src/components/UserList.jsx","statementMap":{"0":{"start":{"line":4,"column":28},"end":{"line":4,"column":40}},"1":{"start":{"line":5,"column":32},"end":{"line":5,"column":46}},"2":{"start":{"line":6,"column":28},"end":{"line":6,"column":42}},"3":{"start":{"line":8,"column":21},"end":{"line":38,"column":3}},"4":{"start":{"line":9,"column":4},"end":{"line":9,"column":68}},"5":{"start":{"line":10,"column":4},"end":{"line":10,"column":58}},"6":{"start":{"line":11,"column":4},"end":{"line":37,"column":5}},"7":{"start":{"line":12,"column":6},"end":{"line":12,"column":23}},"8":{"start":{"line":13,"column":23},"end":{"line":13,"column":48}},"9":{"start":{"line":14,"column":6},"end":{"line":14,"column":77}},"10":{"start":{"line":16,"column":6},"end":{"line":19,"column":7}},"11":{"start":{"line":17,"column":8},"end":{"line":17,"column":91}},"12":{"start":{"line":18,"column":8},"end":{"line":18,"column":49}},"13":{"start":{"line":21,"column":6},"end":{"line":26,"column":7}},"14":{"start":{"line":22,"column":8},"end":{"line":22,"column":37}},"15":{"start":{"line":24,"column":8},"end":{"line":24,"column":78}},"16":{"start":{"line":25,"column":8},"end":{"line":25,"column":56}},"17":{"start":{"line":27,"column":6},"end":{"line":27,"column":63}},"18":{"start":{"line":28,"column":6},"end":{"line":28,"column":60}},"19":{"start":{"line":29,"column":6},"end":{"line":29,"column":21}},"20":{"start":{"line":30,"column":6},"end":{"line":30,"column":21}},"21":{"start":{"line":32,"column":6},"end":{"line":32,"column":63}},"22":{"start":{"line":33,"column":6},"end":{"line":33,"column":68}},"23":{"start":{"line":34,"column":6},"end":{"line":34,"column":28}},"24":{"start":{"line":36,"column":6},"end":{"line":36,"column":24}},"25":{"start":{"line":40,"column":2},"end":{"line":42,"column":9}},"26":{"start":{"line":41,"column":4},"end":{"line":41,"column":17}},"27":{"start":{"line":44,"column":2},"end":{"line":46,"column":3}},"28":{"start":{"line":45,"column":4},"end":{"line":45,"column":81}},"29":{"start":{"line":48,"column":2},"end":{"line":50,"column":3}},"30":{"start":{"line":49,"column":4},"end":{"line":49,"column":124}},"31":{"start":{"line":52,"column":2},"end":{"line":68,"column":4}},"32":{"start":{"line":60,"column":12},"end":{"line":62,"column":17}}},"fnMap":{"0":{"name":"UserList","decl":{"start":{"line":3,"column":9},"end":{"line":3,"column":17}},"loc":{"start":{"line":3,"column":20},"end":{"line":69,"column":1}},"line":3},"1":{"name":"(anonymous_1)","decl":{"start":{"line":8,"column":21},"end":{"line":8,"column":22}},"loc":{"start":{"line":8,"column":33},"end":{"line":38,"column":3}},"line":8},"2":{"name":"(anonymous_2)","decl":{"start":{"line":40,"column":12},"end":{"line":40,"column":13}},"loc":{"start":{"line":40,"column":18},"end":{"line":42,"column":3}},"line":40},"3":{"name":"(anonymous_3)","decl":{"start":{"line":59,"column":21},"end":{"line":59,"column":22}},"loc":{"start":{"line":60,"column":12},"end":{"line":62,"column":17}},"line":60}},"branchMap":{"0":{"loc":{"start":{"line":16,"column":6},"end":{"line":19,"column":7}},"type":"if","locations":[{"start":{"line":16,"column":6},"end":{"line":19,"column":7}},{"start":{},"end":{}}],"line":16},"1":{"loc":{"start":{"line":44,"column":2},"end":{"line":46,"column":3}},"type":"if","locations":[{"start":{"line":44,"column":2},"end":{"line":46,"column":3}},{"start":{},"end":{}}],"line":44},"2":{"loc":{"start":{"line":48,"column":2},"end":{"line":50,"column":3}},"type":"if","locations":[{"start":{"line":48,"column":2},"end":{"line":50,"column":3}},{"start":{},"end":{}}],"line":48},"3":{"loc":{"start":{"line":55,"column":7},"end":{"line":65,"column":7}},"type":"cond-expr","locations":[{"start":{"line":56,"column":8},"end":{"line":56,"column":75}},{"start":{"line":58,"column":8},"end":{"line":64,"column":13}}],"line":55}},"s":{"0":35,"1":33,"2":33,"3":33,"4":16,"5":16,"6":16,"7":16,"8":16,"9":14,"10":14,"11":2,"12":2,"13":12,"14":12,"15":0,"16":0,"17":12,"18":12,"19":12,"20":12,"21":4,"22":4,"23":4,"24":16,"25":33,"26":15,"27":33,"28":16,"29":17,"30":4,"31":13,"32":8},"f":{"0":35,"1":16,"2":15,"3":8},"b":{"0":[2,12],"1":[16,17],"2":[4,13],"3":[4,9]},"_coverageSchema":"1a1c01bbd47fc00a2c39e90264f33305004495a9","hash":"fb062e17d0a76d6d3cb8ff39bc67d3499790da30"}
,"/Users/mac/Desktop/week6/testing/src/hooks/useCounter.js": {"path":"/Users/mac/Desktop/week6/testing/src/hooks/useCounter.js","statementMap":{"0":{"start":{"line":4,"column":28},"end":{"line":4,"column":50}},"1":{"start":{"line":6,"column":20},"end":{"line":6,"column":45}},"2":{"start":{"line":6,"column":26},"end":{"line":6,"column":45}},"3":{"start":{"line":7,"column":20},"end":{"line":7,"column":45}},"4":{"start":{"line":7,"column":26},"end":{"line":7,"column":45}},"5":{"start":{"line":8,"column":16},"end":{"line":8,"column":44}},"6":{"start":{"line":8,"column":22},"end":{"line":8,"column":44}},"7":{"start":{"line":10,"column":2},"end":{"line":10,"column":48}}},"fnMap":{"0":{"name":"useCounter","decl":{"start":{"line":3,"column":16},"end":{"line":3,"column":26}},"loc":{"start":{"line":3,"column":45},"end":{"line":11,"column":1}},"line":3},"1":{"name":"(anonymous_1)","decl":{"start":{"line":6,"column":20},"end":{"line":6,"column":21}},"loc":{"start":{"line":6,"column":26},"end":{"line":6,"column":45}},"line":6},"2":{"name":"(anonymous_2)","decl":{"start":{"line":7,"column":20},"end":{"line":7,"column":21}},"loc":{"start":{"line":7,"column":26},"end":{"line":7,"column":45}},"line":7},"3":{"name":"(anonymous_3)","decl":{"start":{"line":8,"column":16},"end":{"line":8,"column":17}},"loc":{"start":{"line":8,"column":22},"end":{"line":8,"column":44}},"line":8}},"branchMap":{"0":{"loc":{"start":{"line":3,"column":27},"end":{"line":3,"column":43}},"type":"default-arg","locations":[{"start":{"line":3,"column":42},"end":{"line":3,"column":43}}],"line":3}},"s":{"0":8,"1":8,"2":2,"3":8,"4":1,"5":8,"6":1,"7":8},"f":{"0":8,"1":2,"2":1,"3":1},"b":{"0":[3]},"_coverageSchema":"1a1c01bbd47fc00a2c39e90264f33305004495a9","hash":"b4ec5af474d8cd6ddb8014d1c4c7947e0306b7be"}
,"/Users/mac/Desktop/week6/testing/src/hooks/useLocalStorage.js": {"path":"/Users/mac/Desktop/week6/testing/src/hooks/useLocalStorage.js","statementMap":{"0":{"start":{"line":4,"column":40},"end":{"line":12,"column":4}},"1":{"start":{"line":5,"column":4},"end":{"line":11,"column":5}},"2":{"start":{"line":6,"column":19},"end":{"line":6,"column":51}},"3":{"start":{"line":7,"column":6},"end":{"line":7,"column":52}},"4":{"start":{"line":9,"column":6},"end":{"line":9,"column":27}},"5":{"start":{"line":10,"column":6},"end":{"line":10,"column":26}},"6":{"start":{"line":14,"column":19},"end":{"line":22,"column":3}},"7":{"start":{"line":15,"column":4},"end":{"line":21,"column":5}},"8":{"start":{"line":16,"column":27},"end":{"line":16,"column":81}},"9":{"start":{"line":17,"column":6},"end":{"line":17,"column":35}},"10":{"start":{"line":18,"column":6},"end":{"line":18,"column":69}},"11":{"start":{"line":20,"column":6},"end":{"line":20,"column":27}},"12":{"start":{"line":24,"column":2},"end":{"line":24,"column":33}}},"fnMap":{"0":{"name":"useLocalStorage","decl":{"start":{"line":3,"column":16},"end":{"line":3,"column":31}},"loc":{"start":{"line":3,"column":51},"end":{"line":25,"column":1}},"line":3},"1":{"name":"(anonymous_1)","decl":{"start":{"line":4,"column":49},"end":{"line":4,"column":50}},"loc":{"start":{"line":4,"column":55},"end":{"line":12,"column":3}},"line":4},"2":{"name":"(anonymous_2)","decl":{"start":{"line":14,"column":19},"end":{"line":14,"column":20}},"loc":{"start":{"line":14,"column":30},"end":{"line":22,"column":3}},"line":14}},"branchMap":{"0":{"loc":{"start":{"line":7,"column":13},"end":{"line":7,"column":51}},"type":"cond-expr","locations":[{"start":{"line":7,"column":20},"end":{"line":7,"column":36}},{"start":{"line":7,"column":39},"end":{"line":7,"column":51}}],"line":7},"1":{"loc":{"start":{"line":16,"column":27},"end":{"line":16,"column":81}},"type":"cond-expr","locations":[{"start":{"line":16,"column":55},"end":{"line":16,"column":73}},{"start":{"line":16,"column":76},"end":{"line":16,"column":81}}],"line":16}},"s":{"0":11,"1":8,"2":8,"3":7,"4":2,"5":2,"6":11,"7":3,"8":3,"9":3,"10":3,"11":1,"12":11},"f":{"0":11,"1":8,"2":3},"b":{"0":[3,4],"1":[1,2]},"_coverageSchema":"1a1c01bbd47fc00a2c39e90264f33305004495a9","hash":"4c0e66ce447e431a62d8dded22797fd3f2b013eb"}
,"/Users/mac/Desktop/week6/testing/src/utils/mathUtils.js": {"path":"/Users/mac/Desktop/week6/testing/src/utils/mathUtils.js","statementMap":{"0":{"start":{"line":2,"column":2},"end":{"line":2,"column":15}},"1":{"start":{"line":6,"column":2},"end":{"line":6,"column":15}},"2":{"start":{"line":10,"column":2},"end":{"line":10,"column":23}}},"fnMap":{"0":{"name":"add","decl":{"start":{"line":1,"column":16},"end":{"line":1,"column":19}},"loc":{"start":{"line":1,"column":26},"end":{"line":3,"column":1}},"line":1},"1":{"name":"multiply","decl":{"start":{"line":5,"column":16},"end":{"line":5,"column":24}},"loc":{"start":{"line":5,"column":31},"end":{"line":7,"column":1}},"line":5},"2":{"name":"isEven","decl":{"start":{"line":9,"column":16},"end":{"line":9,"column":22}},"loc":{"start":{"line":9,"column":28},"end":{"line":11,"column":1}},"line":9}},"branchMap":{},"s":{"0":3,"1":3,"2":5},"f":{"0":3,"1":3,"2":5},"b":{},"_coverageSchema":"1a1c01bbd47fc00a2c39e90264f33305004495a9","hash":"78be982dc3382850422791b06afd965ea904b11c"}
,"/Users/mac/Desktop/week6/testing/src/utils/stringUtils.js": {"path":"/Users/mac/Desktop/week6/testing/src/utils/stringUtils.js","statementMap":{"0":{"start":{"line":2,"column":2},"end":{"line":2,"column":23}},"1":{"start":{"line":2,"column":12},"end":{"line":2,"column":23}},"2":{"start":{"line":3,"column":2},"end":{"line":3,"column":52}},"3":{"start":{"line":7,"column":2},"end":{"line":7,"column":42}},"4":{"start":{"line":11,"column":18},"end":{"line":11,"column":64}},"5":{"start":{"line":12,"column":2},"end":{"line":12,"column":58}}},"fnMap":{"0":{"name":"capitalize","decl":{"start":{"line":1,"column":16},"end":{"line":1,"column":26}},"loc":{"start":{"line":1,"column":32},"end":{"line":4,"column":1}},"line":1},"1":{"name":"reverse","decl":{"start":{"line":6,"column":16},"end":{"line":6,"column":23}},"loc":{"start":{"line":6,"column":29},"end":{"line":8,"column":1}},"line":6},"2":{"name":"isPalindrome","decl":{"start":{"line":10,"column":16},"end":{"line":10,"column":28}},"loc":{"start":{"line":10,"column":34},"end":{"line":13,"column":1}},"line":10}},"branchMap":{"0":{"loc":{"start":{"line":2,"column":2},"end":{"line":2,"column":23}},"type":"if","locations":[{"start":{"line":2,"column":2},"end":{"line":2,"column":23}},{"start":{},"end":{}}],"line":2}},"s":{"0":4,"1":2,"2":2,"3":2,"4":4,"5":4},"f":{"0":4,"1":2,"2":4},"b":{"0":[2,2]},"_coverageSchema":"1a1c01bbd47fc00a2c39e90264f33305004495a9","hash":"20418780578ff5c71b252c228ce5b414eca6580a"}
}
