TN:
SF:server/app.js
FN:7,(anonymous_0)
FN:25,(anonymous_1)
FN:30,(anonymous_2)
FNF:3
FNH:3
FNDA:12,(anonymous_0)
FNDA:2,(anonymous_1)
FNDA:9,(anonymous_2)
DA:7,2
DA:8,12
DA:9,12
DA:10,12
DA:13,12
DA:16,12
DA:25,12
DA:26,2
DA:27,2
DA:30,12
DA:31,9
DA:34,9
DA:35,2
DA:37,7
DA:38,1
DA:42,6
DA:43,6
DA:46,6
DA:47,0
DA:49,6
DA:50,1
DA:53,5
DA:54,5
DA:55,5
DA:56,4
DA:58,1
DA:59,1
DA:61,0
DA:67,12
DA:69,12
DA:72,2
LF:31
LH:29
BRDA:13,0,0,12
BRDA:13,0,1,2
BRDA:13,0,2,2
BRDA:34,1,0,2
BRDA:34,1,1,7
BRDA:37,2,0,1
BRDA:37,2,1,6
BRDA:46,3,0,0
BRDA:46,3,1,6
BRDA:49,4,0,1
BRDA:49,4,1,5
BRDA:58,5,0,1
BRDA:58,5,1,0
BRF:13
BRH:11
end_of_record
TN:
SF:server/middleware/errorHandler.js
FN:1,errorHandler
FNF:1
FNH:1
FNDA:1,errorHandler
DA:3,1
DA:4,1
DA:5,1
DA:8,1
DA:9,1
DA:11,1
DA:12,0
DA:13,1
DA:14,0
DA:15,0
DA:16,1
DA:17,0
DA:18,0
DA:22,1
DA:23,1
DA:28,1
LF:16
LH:11
BRDA:11,0,0,0
BRDA:11,0,1,1
BRDA:13,1,0,0
BRDA:13,1,1,1
BRDA:16,2,0,0
BRDA:16,2,1,1
BRDA:25,3,0,1
BRDA:25,3,1,1
BRF:8
BRH:5
end_of_record
TN:
SF:server/middleware/logger.js
FN:1,logger
FN:8,(anonymous_1)
FNF:2
FNH:2
FNDA:12,logger
FNDA:11,(anonymous_1)
DA:2,12
DA:5,12
DA:8,12
DA:9,11
DA:10,11
DA:13,12
LF:6
LH:6
BRF:0
BRH:0
end_of_record
TN:
SF:server/utils/dbUtils.js
FN:1,getUserById
FN:6,getAllUsers
FN:11,createUser
FNF:3
FNH:3
FNDA:4,getUserById
FNDA:3,getAllUsers
FNDA:4,createUser
DA:2,4
DA:3,4
DA:7,3
DA:8,3
DA:12,4
DA:13,4
LF:6
LH:6
BRF:0
BRH:0
end_of_record
TN:
SF:server/utils/validation.js
FN:1,isValidEmail
FN:6,isValidName
FN:10,sanitizeInput
FNF:3
FNH:3
FNDA:9,isValidEmail
FNDA:9,isValidName
FNDA:14,sanitizeInput
DA:2,9
DA:3,9
DA:7,9
DA:11,14
LF:4
LH:4
BRDA:7,0,0,9
BRDA:7,0,1,9
BRF:2
BRH:2
end_of_record
TN:
SF:src/App.jsx
FN:8,App
FN:11,(anonymous_1)
FN:12,(anonymous_2)
FNF:3
FNH:1
FNDA:7,App
FNDA:0,(anonymous_1)
FNDA:0,(anonymous_2)
DA:9,7
DA:11,6
DA:12,0
DA:15,6
LF:4
LH:3
BRF:0
BRH:0
end_of_record
TN:
SF:src/components/ErrorBoundary.jsx
FN:4,(anonymous_0)
FN:9,(anonymous_1)
FN:14,(anonymous_2)
FN:23,(anonymous_3)
FN:46,(anonymous_4)
FNF:5
FNH:5
FNDA:32,(anonymous_0)
FNDA:18,(anonymous_1)
FNDA:9,(anonymous_2)
FNDA:58,(anonymous_3)
FNDA:1,(anonymous_4)
DA:5,32
DA:6,28
DA:11,18
DA:16,9
DA:17,9
DA:24,58
DA:26,28
DA:46,1
DA:63,30
LF:9
LH:9
BRDA:24,0,0,28
BRDA:24,0,1,30
BRDA:37,1,0,28
BRDA:37,1,1,3
BRDA:40,2,0,3
BRDA:40,2,1,1
BRF:6
BRH:6
end_of_record
TN:
SF:src/components/UserForm.jsx
FN:3,UserForm
FN:9,(anonymous_1)
FN:11,(anonymous_2)
FN:14,(anonymous_3)
FNF:4
FNH:4
FNDA:77,UserForm
FNDA:56,(anonymous_1)
FNDA:56,(anonymous_2)
FNDA:1,(anonymous_3)
DA:4,77
DA:5,77
DA:6,77
DA:7,77
DA:9,77
DA:10,56
DA:11,56
DA:14,77
DA:15,1
DA:16,1
DA:17,1
DA:18,1
DA:19,1
DA:20,1
DA:22,1
DA:23,1
DA:24,1
DA:32,1
DA:34,1
DA:35,0
DA:36,0
DA:37,0
DA:38,0
DA:39,0
DA:41,0
DA:43,0
DA:47,1
DA:48,1
DA:50,0
DA:51,0
DA:53,1
DA:54,1
DA:55,1
DA:56,1
DA:58,1
DA:59,1
DA:62,0
DA:63,0
DA:64,0
DA:66,1
DA:70,77
LF:41
LH:29
BRDA:34,0,0,0
BRDA:34,0,1,1
BRDA:39,1,0,0
BRDA:39,1,1,0
BRDA:58,2,0,1
BRDA:58,2,1,0
BRDA:155,3,0,1
BRDA:155,3,1,76
BRDA:175,4,0,77
BRDA:175,4,1,0
BRDA:188,5,0,77
BRDA:188,5,1,1
BRF:12
BRH:7
end_of_record
TN:
SF:src/components/UserList.jsx
FN:3,UserList
FN:8,(anonymous_1)
FN:40,(anonymous_2)
FN:59,(anonymous_3)
FNF:4
FNH:4
FNDA:35,UserList
FNDA:16,(anonymous_1)
FNDA:15,(anonymous_2)
FNDA:8,(anonymous_3)
DA:4,35
DA:5,33
DA:6,33
DA:8,33
DA:9,16
DA:10,16
DA:11,16
DA:12,16
DA:13,16
DA:14,14
DA:16,14
DA:17,2
DA:18,2
DA:21,12
DA:22,12
DA:24,0
DA:25,0
DA:27,12
DA:28,12
DA:29,12
DA:30,12
DA:32,4
DA:33,4
DA:34,4
DA:36,16
DA:40,33
DA:41,15
DA:44,33
DA:45,16
DA:48,17
DA:49,4
DA:52,13
DA:60,8
LF:33
LH:31
BRDA:16,0,0,2
BRDA:16,0,1,12
BRDA:44,1,0,16
BRDA:44,1,1,17
BRDA:48,2,0,4
BRDA:48,2,1,13
BRDA:55,3,0,4
BRDA:55,3,1,9
BRF:8
BRH:8
end_of_record
TN:
SF:src/hooks/useCounter.js
FN:3,useCounter
FN:6,(anonymous_1)
FN:7,(anonymous_2)
FN:8,(anonymous_3)
FNF:4
FNH:4
FNDA:8,useCounter
FNDA:2,(anonymous_1)
FNDA:1,(anonymous_2)
FNDA:1,(anonymous_3)
DA:4,8
DA:6,8
DA:7,8
DA:8,8
DA:10,8
LF:5
LH:5
BRDA:3,0,0,3
BRF:1
BRH:1
end_of_record
TN:
SF:src/hooks/useLocalStorage.js
FN:3,useLocalStorage
FN:4,(anonymous_1)
FN:14,(anonymous_2)
FNF:3
FNH:3
FNDA:11,useLocalStorage
FNDA:8,(anonymous_1)
FNDA:3,(anonymous_2)
DA:4,11
DA:5,8
DA:6,8
DA:7,7
DA:9,2
DA:10,2
DA:14,11
DA:15,3
DA:16,3
DA:17,3
DA:18,3
DA:20,1
DA:24,11
LF:13
LH:13
BRDA:7,0,0,3
BRDA:7,0,1,4
BRDA:16,1,0,1
BRDA:16,1,1,2
BRF:4
BRH:4
end_of_record
TN:
SF:src/utils/mathUtils.js
FN:1,add
FN:5,multiply
FN:9,isEven
FNF:3
FNH:3
FNDA:3,add
FNDA:3,multiply
FNDA:5,isEven
DA:2,3
DA:6,3
DA:10,5
LF:3
LH:3
BRF:0
BRH:0
end_of_record
TN:
SF:src/utils/stringUtils.js
FN:1,capitalize
FN:6,reverse
FN:10,isPalindrome
FNF:3
FNH:3
FNDA:4,capitalize
FNDA:2,reverse
FNDA:4,isPalindrome
DA:2,4
DA:3,2
DA:7,2
DA:11,4
DA:12,4
LF:5
LH:5
BRDA:2,0,0,2
BRDA:2,0,1,2
BRF:2
BRH:2
end_of_record
